06/22/2021 04:33:03	This log contains information about the import schema operation into project 'ControleDeTarefas.DBProject' on computer 'DESKTOP-B4U0GMF' by user 'Arkhandyr'.
06/22/2021 04:33:03	Import of database schema has started.
06/22/2021 04:33:03	Gathering error messages
06/22/2021 04:33:03	Gathering cryptographic providers
06/22/2021 04:33:03	Gathering credentials
06/22/2021 04:33:03	Gathering logins
06/22/2021 04:33:03	Gathering server roles
06/22/2021 04:33:03	Gathering server role memberships
06/22/2021 04:33:03	Gathering linked servers
06/22/2021 04:33:03	Gathering linked server logins
06/22/2021 04:33:03	Gathering routes
06/22/2021 04:33:03	Gathering ddl triggers
06/22/2021 04:33:03	Gathering encrypted and clr ddl triggers
06/22/2021 04:33:03	Gathering event notifications
06/22/2021 04:33:03	Gathering server audits
06/22/2021 04:33:03	Gathering server audit specifications
06/22/2021 04:33:03	Gathering event notifications
06/22/2021 04:33:04	Gathering database credentials
06/22/2021 04:33:04	Gathering database options
06/22/2021 04:33:04	Gathering users
06/22/2021 04:33:04	Gathering roles
06/22/2021 04:33:04	Gathering application roles
06/22/2021 04:33:04	Gathering role memberships
06/22/2021 04:33:04	Gathering filegroups
06/22/2021 04:33:04	Gathering files
06/22/2021 04:33:04	Gathering full-text catalogs
06/22/2021 04:33:04	Gathering assemblies
06/22/2021 04:33:04	Gathering certificates
06/22/2021 04:33:04	Gathering asymmetric keys
06/22/2021 04:33:04	Gathering symmetric keys
06/22/2021 04:33:04	Gathering encrypted symmetric keys
06/22/2021 04:33:04	Gathering database encryption keys
06/22/2021 04:33:04	Gathering schemas
06/22/2021 04:33:04	Gathering XML schema collections
06/22/2021 04:33:04	Gathering user-defined data types
06/22/2021 04:33:04	Gathering user-defined types
06/22/2021 04:33:04	Gathering table types
06/22/2021 04:33:04	Gathering unique keys for table types
06/22/2021 04:33:04	Gathering primary keys for table types
06/22/2021 04:33:04	Gathering indexes for table types
06/22/2021 04:33:04	Gathering check constraints for table types
06/22/2021 04:33:04	Gathering default constraints for table types
06/22/2021 04:33:04	Gathering partition functions
06/22/2021 04:33:04	Gathering partition schemes
06/22/2021 04:33:04	Gathering functions
06/22/2021 04:33:04	Gathering encrypted functions
06/22/2021 04:33:04	Gathering aggregates
06/22/2021 04:33:04	Gathering procedures
06/22/2021 04:33:04	Gathering encrypted procedures
06/22/2021 04:33:04	Gathering tables
06/22/2021 04:33:04	Gathering primary keys
06/22/2021 04:33:04	Gathering unique constraints
06/22/2021 04:33:04	Gathering foreign keys
06/22/2021 04:33:04	Gathering default constraints
06/22/2021 04:33:04	Gathering check constraints
06/22/2021 04:33:04	Gathering views
06/22/2021 04:33:04	Gathering encrypted views
06/22/2021 04:33:04	Gathering indexes
06/22/2021 04:33:04	Gathering statistics
06/22/2021 04:33:04	Gathering full-text index stoplists
06/22/2021 04:33:04	Gathering search property lists
06/22/2021 04:33:04	Gathering search properties
06/22/2021 04:33:04	Gathering full-text indexes
06/22/2021 04:33:04	Gathering column store indexes
06/22/2021 04:33:04	Gathering spatial indexes
06/22/2021 04:33:04	Gathering XML indexes
06/22/2021 04:33:04	Gathering Selective XML indexes
06/22/2021 04:33:04	Gathering encrypted triggers
06/22/2021 04:33:04	Gathering triggers
06/22/2021 04:33:04	Gathering encrypted and clr ddl triggers
06/22/2021 04:33:04	Gathering ddl triggers
06/22/2021 04:33:04	Gathering synonyms
06/22/2021 04:33:04	Gathering defaults
06/22/2021 04:33:04	Gathering data constraint uddt bindings
06/22/2021 04:33:04	Gathering rules
06/22/2021 04:33:04	Gathering data constraint uddt bindings
06/22/2021 04:33:04	Gathering message types
06/22/2021 04:33:04	Gathering queues
06/22/2021 04:33:04	Gathering contracts
06/22/2021 04:33:04	Gathering services
06/22/2021 04:33:04	Gathering routes
06/22/2021 04:33:04	Gathering event notifications
06/22/2021 04:33:04	Gathering remote service bindings
06/22/2021 04:33:04	Gathering broker priorities
06/22/2021 04:33:04	Gathering database audit specifications
06/22/2021 04:33:04	Gathering signatures
06/22/2021 04:33:04	Gathering data compression options
06/22/2021 04:33:04	Gathering sequence types
06/22/2021 04:33:04	Gathering security policies
06/22/2021 04:33:04	Gather column encryption keys
06/22/2021 04:33:04	Gathering column master keys
06/22/2021 04:33:04	Gathering external data sources
06/22/2021 04:33:04	Gathering external file formats
06/22/2021 04:33:04	Gathering external tables
06/22/2021 04:33:04	Gathering extended properties
06/22/2021 04:33:04	Scanning project for duplicate elements
06/22/2021 04:33:04	Finished duplicate element processing
06/22/2021 04:33:05	Finished importing database.
06/22/2021 04:33:05	A summary of the import was saved to the following location: C:\Users\Arkhandyr\source\repos\ControleDeTarefas\BancoDeDados.DBProject\Import Schema Logs\ControleDeTarefas.DB_20210622073303.log
06/22/2021 04:33:05	Click Finish to continue...
